Reading pref.tcl 

# 10.3

# vsim -coverage -do "coverage save -onexit /u/chawood/Documents/ece510_presi/final/git/hdl/ifd/coverage/coverage.ucdb; run -all;exit" -c -voptargs="+cover=bcfst" ifd_tb 
# Start time: 23:30:59 on May 30,2016
# ** Note: (vsim-8009) Loading existing optimized design _opt
# //  Questa Sim
# //  Version 10.3 linux Jan  6 2014
# //
# //  Copyright 1991-2014 Mentor Graphics Corporation
# //  All Rights Reserved.
# //
# //  THIS WORK CONTAINS TRADE SECRET AND PROPRIETARY INFORMATION
# //  WHICH IS THE PROPERTY OF MENTOR GRAPHICS CORPORATION OR ITS
# //  LICENSORS AND IS SUBJECT TO LICENSE TERMS.
# //
# Loading sv_std.std
# Loading work.pdp8_pkg(fast)
# Loading work.pdp8_pkg_sv_unit(fast)
# Loading work.ifd_tb(fast)
# coverage save -onexit /u/chawood/Documents/ece510_presi/final/git/hdl/ifd/coverage/coverage.ucdb 
#  run -all 
# ** Note: $finish    : ../pdp_hdl/clkgen_driver.sv(54)
#    Time: 5000500 ns  Iteration: 0  Instance: /ifd_tb/iclocker
# RULE            TOTAL            PASS            FAIL            DESCRIPTION
# 1            2683            2683            0            "Opcodes supplied are legal (one at a time, etc.)"
# 2            2683            2683            0            "Memory correctly converted into instruction"
# 3            27318            27318            0            "Opcode outputs cleared before new opcode decoded"
# 25            1            1            0            "Base address is equal to proper value"
# EVENT				OBSERVATIONS
# "AND"				27
# "CIA"				8
# "CLA1"				4
# "CLA2"				4
# "CLA_CLL"				3
# "CLL"				5
# "CMA"				3
# "CML"				9
# "DCA"				54
# "HLT"				6
# "IAC"				10
# "ISZ"				24
# "JMP"				58
# "JMS"				46
# "NOP"				2323
# "OSR"				4
# "RAL"				7
# "RAR"				4
# "RTL"				8
# "RTR"				3
# "SKP"				2
# "SMA"				6
# "SNA"				9
# "SNL"				4
# "SPA"				2
# "SZA"				7
# "SZL"				4
# "TAD"				39
